Start testing: Aug 26 12:01 UTC
----------------------------------------------------------
1/1 Testing: EepromInitTests
1/1 Test: EepromInitTests
Command: "/workspace/eeprom-driver/tests/build/test_eeprom_24c32"
Directory: /workspace/eeprom-driver/tests/build
"EepromInitTests" start time: Aug 26 12:01 UTC
Output:
----------------------------------------------------------
Running main() from ./googletest/src/gtest_main.cc
[==========] Running 4 tests from 1 test suite.
[----------] Global test environment set-up.
[----------] 4 tests from Eeprom24c32InitTest
[ RUN      ] Eeprom24c32InitTest.InitWithValidParameters
[       OK ] Eeprom24c32InitTest.InitWithValidParameters (0 ms)
[ RUN      ] Eeprom24c32InitTest.InitWithNullHandle
[       OK ] Eeprom24c32InitTest.InitWithNullHandle (0 ms)
[ RUN      ] Eeprom24c32InitTest.InitWithNullContext
[       OK ] Eeprom24c32InitTest.InitWithNullContext (0 ms)
[ RUN      ] Eeprom24c32InitTest.InitWithBothNullParameters
[       OK ] Eeprom24c32InitTest.InitWithBothNullParameters (0 ms)
[----------] 4 tests from Eeprom24c32InitTest (0 ms total)

[----------] Global test environment tear-down
[==========] 4 tests from 1 test suite ran. (0 ms total)
[  PASSED  ] 4 tests.
<end of output>
Test time =   0.00 sec
----------------------------------------------------------
Test Passed.
"EepromInitTests" end time: Aug 26 12:01 UTC
"EepromInitTests" time elapsed: 00:00:00
----------------------------------------------------------

End testing: Aug 26 12:01 UTC
